mode: set
go-tui/agent/agent.go:37.36,42.2 2 1
go-tui/agent/agent.go:44.28,46.2 1 0
go-tui/agent/agent.go:48.37,50.2 1 0
go-tui/agent/agent.go:52.39,55.2 2 1
go-tui/agent/agent.go:58.43,60.52 2 1
go-tui/agent/agent.go:60.52,62.3 1 1
go-tui/agent/agent.go:63.2,63.11 1 1
go-tui/agent/agent.go:66.78,68.2 1 0
go-tui/agent/agent.go:70.36,72.2 1 0
go-tui/conversation/conversation.go:31.18,38.2 2 1
go-tui/conversation/conversation.go:40.39,42.16 2 1
go-tui/conversation/conversation.go:42.16,44.3 1 1
go-tui/conversation/conversation.go:45.2,50.21 4 1
go-tui/conversation/conversation.go:50.21,52.3 1 1
go-tui/conversation/conversation.go:53.2,54.60 2 1
go-tui/conversation/conversation.go:54.60,56.3 1 1
go-tui/conversation/conversation.go:58.2,61.21 3 1
go-tui/conversation/conversation.go:61.21,63.38 2 1
go-tui/conversation/conversation.go:63.38,64.12 1 0
go-tui/conversation/conversation.go:66.3,67.50 2 1
go-tui/conversation/conversation.go:67.50,69.4 1 0
go-tui/conversation/conversation.go:70.3,70.17 1 1
go-tui/conversation/conversation.go:71.13,72.43 1 1
go-tui/conversation/conversation.go:73.18,74.47 1 1
go-tui/conversation/conversation.go:78.2,78.38 1 1
go-tui/conversation/conversation.go:78.38,80.3 1 0
go-tui/conversation/conversation.go:82.2,83.16 2 1
go-tui/conversation/conversation.go:83.16,85.3 1 0
go-tui/conversation/conversation.go:86.2,87.16 2 1
go-tui/conversation/conversation.go:87.16,89.3 1 0
go-tui/conversation/conversation.go:91.2,91.23 1 1
go-tui/conversation/conversation.go:91.23,93.3 1 1
go-tui/conversation/conversation.go:94.2,94.25 1 1
go-tui/conversation/conversation.go:94.25,96.3 1 1
go-tui/conversation/conversation.go:98.2,102.8 1 1
go-tui/conversation/conversation.go:105.39,106.64 1 1
go-tui/conversation/conversation.go:106.64,108.3 1 0
go-tui/conversation/conversation.go:110.2,111.66 2 1
go-tui/conversation/conversation.go:111.66,113.3 1 0
go-tui/conversation/conversation.go:115.2,116.70 2 1
go-tui/conversation/conversation.go:116.70,118.3 1 0
go-tui/conversation/conversation.go:120.2,123.53 3 1
go-tui/conversation/conversation.go:123.53,125.3 1 0
go-tui/conversation/conversation.go:127.2,127.33 1 1
go-tui/conversation/conversation.go:127.33,128.67 1 1
go-tui/conversation/conversation.go:128.67,130.4 1 0
go-tui/conversation/conversation.go:133.2,133.35 1 1
go-tui/conversation/conversation.go:133.35,134.72 1 1
go-tui/conversation/conversation.go:134.72,136.4 1 0
go-tui/conversation/conversation.go:139.2,140.64 2 1
go-tui/conversation/conversation.go:143.46,145.16 2 1
go-tui/conversation/conversation.go:145.16,147.3 1 1
go-tui/conversation/conversation.go:149.2,150.28 2 1
go-tui/conversation/conversation.go:150.28,151.55 1 1
go-tui/conversation/conversation.go:151.55,153.4 1 1
go-tui/conversation/conversation.go:155.2,155.21 1 1
go-tui/conversation/conversation.go:155.21,157.3 1 1
go-tui/conversation/conversation.go:159.2,160.33 2 1
go-tui/conversation/conversation.go:171.48,173.16 2 0
go-tui/conversation/conversation.go:173.16,175.3 1 0
go-tui/conversation/conversation.go:176.2,181.21 4 0
go-tui/conversation/conversation.go:181.21,183.3 1 0
go-tui/conversation/conversation.go:184.2,185.60 2 0
go-tui/conversation/conversation.go:185.60,187.3 1 0
go-tui/conversation/conversation.go:189.2,190.21 2 0
go-tui/conversation/conversation.go:190.21,192.61 2 0
go-tui/conversation/conversation.go:192.61,193.12 1 0
go-tui/conversation/conversation.go:195.3,195.21 1 0
go-tui/conversation/conversation.go:195.21,196.12 1 0
go-tui/conversation/conversation.go:198.3,202.44 2 0
go-tui/conversation/conversation.go:202.44,203.12 1 0
go-tui/conversation/conversation.go:205.3,205.50 1 0
go-tui/conversation/conversation.go:205.50,207.9 2 0
go-tui/conversation/conversation.go:210.2,210.15 1 0
go-tui/conversation/conversation.go:213.19,215.16 2 1
go-tui/conversation/conversation.go:215.16,217.3 1 0
go-tui/conversation/conversation.go:218.2,218.54 1 1
go-tui/main.go:20.13,25.21 4 0
go-tui/main.go:25.21,27.3 1 0
go-tui/main.go:29.2,30.16 2 0
go-tui/main.go:30.16,32.3 1 0
go-tui/main.go:34.2,34.45 1 0
go-tui/main.go:34.45,35.50 1 0
go-tui/main.go:35.50,36.42 1 0
go-tui/main.go:36.42,38.5 1 0
go-tui/main.go:42.2,43.16 2 0
go-tui/main.go:43.16,46.3 2 0
go-tui/main.go:48.2,49.67 2 0
go-tui/main.go:49.67,52.3 2 0
go-tui/main.go:53.2,54.16 2 0
go-tui/main.go:54.16,57.3 2 0
go-tui/main.go:58.2,66.31 7 0
go-tui/main.go:66.31,69.17 2 0
go-tui/main.go:69.17,72.4 2 0
go-tui/main.go:73.3,76.17 4 0
go-tui/main.go:76.17,79.4 2 0
go-tui/main.go:80.3,80.57 1 0
go-tui/main.go:81.8,81.27 1 0
go-tui/main.go:81.27,85.17 3 0
go-tui/main.go:85.17,88.4 2 0
go-tui/main.go:89.3,89.50 1 0
go-tui/main.go:90.8,94.3 2 0
go-tui/main.go:96.2,98.35 3 0
go-tui/main.go:98.35,101.3 2 0
go-tui/main.go:102.2,103.14 2 0
go-tui/config/models.go:27.41,28.33 1 0
go-tui/config/models.go:28.33,29.38 1 0
go-tui/config/models.go:29.38,31.4 1 0
go-tui/config/models.go:33.2,33.12 1 0
go-tui/config/models.go:37.28,39.36 2 0
go-tui/config/models.go:39.36,41.3 1 0
go-tui/config/models.go:42.2,42.14 1 0
go-tui/cmd/mdtest/main.go:12.34,17.16 2 0
go-tui/cmd/mdtest/main.go:17.16,18.13 1 0
go-tui/cmd/mdtest/main.go:20.2,22.16 3 0
go-tui/cmd/mdtest/main.go:22.16,24.3 1 0
go-tui/cmd/mdtest/main.go:25.2,27.39 2 0
go-tui/cmd/mdtest/main.go:30.32,33.29 3 0
go-tui/cmd/mdtest/main.go:33.29,34.12 1 0
go-tui/cmd/mdtest/main.go:34.12,36.85 2 0
go-tui/cmd/mdtest/main.go:36.85,38.5 1 0
go-tui/cmd/mdtest/main.go:40.3,40.26 1 0
go-tui/cmd/mdtest/main.go:42.2,42.32 1 0
go-tui/cmd/mdtest/main.go:45.13,95.26 2 0
go-tui/cmd/mdtest/main.go:95.26,97.3 1 0
go-tui/agent/tools/bash.go:17.13,33.2 1 0
go-tui/agent/tools/bash.go:35.72,36.24 1 0
go-tui/agent/tools/bash.go:36.24,38.3 1 0
go-tui/agent/tools/bash.go:40.2,48.12 7 0
go-tui/agent/tools/bash.go:48.12,50.3 1 0
go-tui/agent/tools/bash.go:52.2,52.9 1 0
go-tui/agent/tools/bash.go:53.21,55.23 2 0
go-tui/agent/tools/bash.go:55.23,56.20 1 0
go-tui/agent/tools/bash.go:56.20,58.5 1 0
go-tui/agent/tools/bash.go:59.4,59.29 1 0
go-tui/agent/tools/bash.go:61.3,61.17 1 0
go-tui/agent/tools/bash.go:61.17,62.20 1 0
go-tui/agent/tools/bash.go:62.20,64.5 1 0
go-tui/agent/tools/bash.go:65.4,65.49 1 0
go-tui/agent/tools/bash.go:67.3,67.19 1 0
go-tui/agent/tools/bash.go:67.19,69.4 1 0
go-tui/agent/tools/bash.go:70.3,70.41 1 0
go-tui/agent/tools/bash.go:71.33,73.65 2 0
go-tui/agent/tools/editfile.go:27.13,51.2 1 0
go-tui/agent/tools/editfile.go:53.80,54.25 1 0
go-tui/agent/tools/editfile.go:54.25,56.3 1 0
go-tui/agent/tools/editfile.go:57.2,57.26 1 0
go-tui/agent/tools/editfile.go:57.26,59.3 1 0
go-tui/agent/tools/editfile.go:60.2,60.38 1 0
go-tui/agent/tools/editfile.go:60.38,62.3 1 0
go-tui/agent/tools/editfile.go:64.2,65.27 2 0
go-tui/agent/tools/editfile.go:65.27,67.3 1 0
go-tui/agent/tools/editfile.go:69.2,70.16 2 0
go-tui/agent/tools/editfile.go:70.16,72.3 1 0
go-tui/agent/tools/editfile.go:74.2,77.16 3 0
go-tui/agent/tools/editfile.go:77.16,79.3 1 0
go-tui/agent/tools/editfile.go:80.2,80.15 1 0
go-tui/agent/tools/editfile.go:80.15,83.3 1 0
go-tui/agent/tools/editfile.go:85.2,87.87 2 0
go-tui/agent/tools/editfile.go:87.87,89.3 1 0
go-tui/agent/tools/editfile.go:91.2,97.31 2 0
go-tui/agent/tools/editfile.go:97.31,98.79 1 0
go-tui/agent/tools/editfile.go:98.79,99.70 1 0
go-tui/agent/tools/editfile.go:99.70,101.5 1 0
go-tui/agent/tools/editfile.go:105.2,106.16 2 0
go-tui/agent/tools/editfile.go:106.16,108.3 1 0
go-tui/agent/tools/editfile.go:110.2,110.52 1 0
go-tui/agent/tools/errors.go:13.36,15.2 1 0
go-tui/agent/tools/errors.go:18.52,23.2 1 0
go-tui/agent/tools/errors.go:26.72,32.2 1 0
go-tui/agent/tools/listfiles.go:16.13,35.2 1 0
go-tui/agent/tools/listfiles.go:37.82,39.16 2 0
go-tui/agent/tools/listfiles.go:39.16,41.3 1 0
go-tui/agent/tools/listfiles.go:41.8,41.34 1 0
go-tui/agent/tools/listfiles.go:41.34,43.3 1 0
go-tui/agent/tools/listfiles.go:45.2,46.16 2 0
go-tui/agent/tools/listfiles.go:46.16,48.3 1 0
go-tui/agent/tools/listfiles.go:49.2,49.19 1 0
go-tui/agent/tools/listfiles.go:49.19,51.3 1 0
go-tui/agent/tools/listfiles.go:53.2,55.20 2 0
go-tui/agent/tools/listfiles.go:55.20,56.73 1 0
go-tui/agent/tools/listfiles.go:56.73,57.18 1 0
go-tui/agent/tools/listfiles.go:57.18,59.5 1 0
go-tui/agent/tools/listfiles.go:60.4,60.45 1 0
go-tui/agent/tools/listfiles.go:60.45,62.5 1 0
go-tui/agent/tools/listfiles.go:63.4,65.20 3 0
go-tui/agent/tools/listfiles.go:65.20,67.5 1 0
go-tui/agent/tools/listfiles.go:68.4,69.14 2 0
go-tui/agent/tools/listfiles.go:71.8,73.17 2 0
go-tui/agent/tools/listfiles.go:73.17,75.4 1 0
go-tui/agent/tools/listfiles.go:76.3,76.33 1 0
go-tui/agent/tools/listfiles.go:76.33,77.30 1 0
go-tui/agent/tools/listfiles.go:77.30,78.13 1 0
go-tui/agent/tools/listfiles.go:80.4,81.21 2 0
go-tui/agent/tools/listfiles.go:81.21,83.5 1 0
go-tui/agent/tools/listfiles.go:84.4,84.31 1 0
go-tui/agent/tools/listfiles.go:88.2,88.45 1 0
go-tui/agent/tools/readfile.go:21.13,45.2 1 0
go-tui/agent/tools/readfile.go:47.80,48.25 1 0
go-tui/agent/tools/readfile.go:48.25,50.3 1 0
go-tui/agent/tools/readfile.go:52.2,53.27 2 0
go-tui/agent/tools/readfile.go:53.27,55.3 1 0
go-tui/agent/tools/readfile.go:57.2,58.16 2 0
go-tui/agent/tools/readfile.go:58.16,60.3 1 0
go-tui/agent/tools/readfile.go:62.2,66.16 4 0
go-tui/agent/tools/readfile.go:66.16,68.3 1 0
go-tui/agent/tools/readfile.go:69.2,69.25 1 0
go-tui/agent/tools/readfile.go:69.25,72.3 1 0
go-tui/agent/tools/readfile.go:74.2,75.16 2 0
go-tui/agent/tools/readfile.go:75.16,77.3 1 0
go-tui/agent/tools/readfile.go:79.2,81.25 3 0
go-tui/agent/tools/readfile.go:81.25,83.3 1 0
go-tui/agent/tools/readfile.go:85.2,87.37 3 0
go-tui/agent/tools/readfile.go:87.37,89.3 1 0
go-tui/agent/tools/readfile.go:91.2,91.45 1 0
go-tui/agent/tools/registry.go:12.27,14.41 2 0
go-tui/agent/tools/registry.go:14.41,15.62 1 0
go-tui/agent/tools/registry.go:17.2,18.45 2 0
go-tui/agent/tools/registry.go:21.23,23.37 2 0
go-tui/agent/tools/registry.go:23.37,25.3 1 0
go-tui/agent/tools/registry.go:26.2,26.12 1 0
go-tui/agent/tools/registry.go:29.83,31.9 2 0
go-tui/agent/tools/registry.go:31.9,33.3 1 0
go-tui/agent/tools/registry.go:34.2,34.40 1 0
go-tui/agent/tools/search.go:17.13,37.2 1 0
go-tui/agent/tools/search.go:39.76,40.24 1 0
go-tui/agent/tools/search.go:40.24,42.3 1 0
go-tui/agent/tools/search.go:44.2,45.22 2 0
go-tui/agent/tools/search.go:45.22,47.3 1 0
go-tui/agent/tools/search.go:47.8,47.40 1 0
go-tui/agent/tools/search.go:47.40,49.3 1 0
go-tui/agent/tools/search.go:51.2,51.55 1 0
go-tui/agent/tools/search.go:51.55,53.3 1 0
go-tui/agent/tools/search.go:55.2,89.16 3 0
go-tui/agent/tools/search.go:89.16,90.47 1 0
go-tui/agent/tools/search.go:90.47,91.31 1 0
go-tui/agent/tools/search.go:91.31,93.5 1 0
go-tui/agent/tools/search.go:95.3,95.58 1 0
go-tui/agent/tools/search.go:98.2,100.29 2 0
go-tui/agent/tools/search.go:100.29,101.61 1 0
go-tui/agent/tools/search.go:101.61,103.4 1 0
go-tui/agent/tools/search.go:103.9,103.49 1 0
go-tui/agent/tools/search.go:103.49,105.4 1 0
go-tui/agent/tools/search.go:106.3,106.26 1 0
go-tui/agent/tools/search.go:106.26,108.4 1 0
go-tui/agent/tools/search.go:111.2,112.16 2 0
go-tui/agent/tools/search.go:112.16,115.3 2 0
go-tui/agent/tools/search.go:117.2,117.59 1 0
go-tui/agent/tools/tool.go:31.46,31.67 1 0
go-tui/agent/tools/tool.go:32.47,32.75 1 0
go-tui/agent/tools/tool.go:33.47,33.70 1 0
go-tui/agent/tools/tool.go:35.83,37.64 2 0
go-tui/agent/tools/tool.go:37.64,39.3 1 0
go-tui/agent/tools/tool.go:40.2,40.32 1 0
go-tui/agent/tools/tool.go:44.37,53.2 1 0
go-tui/agent/tools/writefile.go:24.13,44.2 1 0
go-tui/agent/tools/writefile.go:46.82,47.25 1 0
go-tui/agent/tools/writefile.go:47.25,49.3 1 0
go-tui/agent/tools/writefile.go:51.2,52.27 2 0
go-tui/agent/tools/writefile.go:52.27,54.3 1 0
go-tui/agent/tools/writefile.go:56.2,57.41 2 0
go-tui/agent/tools/writefile.go:57.41,59.3 1 0
go-tui/agent/tools/writefile.go:61.2,62.64 2 0
go-tui/agent/tools/writefile.go:62.64,64.3 1 0
go-tui/agent/tools/writefile.go:66.2,66.89 1 0
go-tui/agent/tools/writefile.go:66.89,68.3 1 0
go-tui/agent/tools/writefile.go:70.2,76.31 2 0
go-tui/agent/tools/writefile.go:76.31,77.89 1 0
go-tui/agent/tools/writefile.go:77.89,78.70 1 0
go-tui/agent/tools/writefile.go:78.70,80.5 1 0
go-tui/agent/tools/writefile.go:84.2,85.16 2 0
go-tui/agent/tools/writefile.go:85.16,87.3 1 0
go-tui/agent/tools/writefile.go:89.2,89.52 1 0
go-tui/lsp/jsonrpc.go:43.35,45.2 1 0
go-tui/lsp/jsonrpc.go:48.55,50.16 2 0
go-tui/lsp/jsonrpc.go:50.16,52.3 1 0
go-tui/lsp/jsonrpc.go:53.2,54.53 2 0
go-tui/lsp/jsonrpc.go:54.53,56.3 1 0
go-tui/lsp/jsonrpc.go:57.2,57.41 1 0
go-tui/lsp/jsonrpc.go:57.41,59.3 1 0
go-tui/lsp/jsonrpc.go:60.2,60.12 1 0
go-tui/lsp/jsonrpc.go:64.60,66.6 2 0
go-tui/lsp/jsonrpc.go:66.6,68.17 2 0
go-tui/lsp/jsonrpc.go:68.17,70.4 1 0
go-tui/lsp/jsonrpc.go:71.3,72.17 2 0
go-tui/lsp/jsonrpc.go:72.17,73.9 1 0
go-tui/lsp/jsonrpc.go:75.3,75.50 1 0
go-tui/lsp/jsonrpc.go:75.50,78.18 3 0
go-tui/lsp/jsonrpc.go:78.18,80.5 1 0
go-tui/lsp/jsonrpc.go:83.2,83.23 1 0
go-tui/lsp/jsonrpc.go:83.23,85.3 1 0
go-tui/lsp/jsonrpc.go:86.2,87.48 2 0
go-tui/lsp/jsonrpc.go:87.48,89.3 1 0
go-tui/lsp/jsonrpc.go:90.2,90.35 1 0
go-tui/lsp/manager.go:18.31,21.2 2 0
go-tui/lsp/manager.go:24.13,25.27 1 0
go-tui/lsp/manager.go:25.27,27.3 1 0
go-tui/lsp/manager.go:38.13,41.16 2 0
go-tui/lsp/manager.go:41.16,43.3 1 0
go-tui/lsp/manager.go:44.2,49.49 2 0
go-tui/lsp/manager.go:49.49,51.3 1 0
go-tui/lsp/manager.go:52.2,52.30 1 0
go-tui/lsp/manager.go:52.30,54.3 1 0
go-tui/lsp/manager.go:55.2,56.28 2 0
go-tui/lsp/manager.go:56.28,57.41 1 0
go-tui/lsp/manager.go:57.41,59.4 1 0
go-tui/lsp/manager.go:61.2,61.25 1 0
go-tui/lsp/manager.go:65.45,67.34 2 0
go-tui/lsp/manager.go:67.34,68.54 1 0
go-tui/lsp/manager.go:68.54,70.12 2 0
go-tui/lsp/manager.go:72.3,73.37 2 0
go-tui/lsp/manager.go:73.37,75.4 1 0
go-tui/lsp/manager.go:77.2,77.23 1 0
go-tui/lsp/manager.go:77.23,79.3 1 0
go-tui/lsp/manager.go:80.2,84.3 1 0
go-tui/lsp/manager.go:89.84,91.15 2 0
go-tui/lsp/manager.go:91.15,93.3 1 0
go-tui/lsp/manager.go:95.2,97.9 3 0
go-tui/lsp/manager.go:97.9,100.3 2 0
go-tui/lsp/manager.go:102.2,103.14 2 0
go-tui/lsp/manager.go:103.14,105.37 2 0
go-tui/lsp/manager.go:105.37,109.4 3 0
go-tui/lsp/manager.go:111.3,111.36 1 0
go-tui/lsp/manager.go:111.36,113.4 1 0
go-tui/lsp/manager.go:114.3,114.42 1 0
go-tui/lsp/manager.go:116.2,120.16 4 0
go-tui/lsp/manager.go:120.16,124.36 3 0
go-tui/lsp/manager.go:124.36,126.4 1 0
go-tui/lsp/manager.go:127.3,128.18 2 0
go-tui/lsp/manager.go:130.2,130.21 1 0
go-tui/lsp/manager.go:130.21,132.3 1 0
go-tui/lsp/manager.go:132.8,134.27 2 0
go-tui/lsp/manager.go:134.27,136.22 2 0
go-tui/lsp/manager.go:137.25,138.20 1 0
go-tui/lsp/manager.go:139.22,140.17 1 0
go-tui/lsp/manager.go:141.22,142.17 1 0
go-tui/lsp/manager.go:144.4,146.20 1 0
go-tui/lsp/manager.go:149.2,149.19 1 0
go-tui/lsp/manager.go:153.30,158.34 4 0
go-tui/lsp/manager.go:158.34,159.20 1 0
go-tui/lsp/manager.go:159.20,162.4 2 0
go-tui/lsp/manager.go:163.3,163.25 1 0
go-tui/lsp/manager.go:169.68,170.21 1 0
go-tui/lsp/manager.go:170.21,172.3 1 0
go-tui/lsp/manager.go:173.2,174.11 2 0
go-tui/lsp/manager.go:174.11,176.3 1 0
go-tui/lsp/manager.go:177.2,179.30 3 0
go-tui/lsp/manager.go:179.30,181.21 2 0
go-tui/lsp/manager.go:182.24,183.19 1 0
go-tui/lsp/manager.go:184.21,185.16 1 0
go-tui/lsp/manager.go:186.21,187.16 1 0
go-tui/lsp/manager.go:189.3,191.20 1 0
go-tui/lsp/manager.go:193.2,193.20 1 0
go-tui/lsp/manager.go:193.20,195.3 1 0
go-tui/lsp/manager.go:196.2,196.34 1 0
go-tui/lsp/server.go:49.64,57.2 1 0
go-tui/lsp/server.go:60.32,68.16 6 0
go-tui/lsp/server.go:68.16,71.3 2 0
go-tui/lsp/server.go:72.2,73.16 2 0
go-tui/lsp/server.go:73.16,77.3 3 0
go-tui/lsp/server.go:79.2,79.36 1 0
go-tui/lsp/server.go:79.36,82.3 2 0
go-tui/lsp/server.go:84.2,108.16 10 0
go-tui/lsp/server.go:108.16,111.3 2 0
go-tui/lsp/server.go:112.2,112.23 1 0
go-tui/lsp/server.go:112.23,115.3 2 0
go-tui/lsp/server.go:118.2,118.70 1 0
go-tui/lsp/server.go:118.70,121.3 2 0
go-tui/lsp/server.go:123.2,124.12 2 0
go-tui/lsp/server.go:128.25,130.15 2 0
go-tui/lsp/server.go:130.15,133.3 2 0
go-tui/lsp/server.go:134.2,139.12 4 0
go-tui/lsp/server.go:139.12,142.77 2 0
go-tui/lsp/server.go:142.77,145.4 1 0
go-tui/lsp/server.go:148.2,148.9 1 0
go-tui/lsp/server.go:149.14,152.13 2 0
go-tui/lsp/server.go:152.13,155.4 2 0
go-tui/lsp/server.go:156.3,156.10 1 0
go-tui/lsp/server.go:157.19,157.19 0 0
go-tui/lsp/server.go:158.38,159.12 1 0
go-tui/lsp/server.go:161.37,162.11 1 0
go-tui/lsp/server.go:167.83,169.15 2 0
go-tui/lsp/server.go:169.15,172.3 2 0
go-tui/lsp/server.go:173.2,179.26 4 0
go-tui/lsp/server.go:179.26,181.3 1 0
go-tui/lsp/server.go:184.2,192.16 2 0
go-tui/lsp/server.go:192.16,194.3 1 0
go-tui/lsp/server.go:197.2,198.9 2 0
go-tui/lsp/server.go:199.26,199.26 0 0
go-tui/lsp/server.go:200.37,200.37 0 0
go-tui/lsp/server.go:205.2,209.19 2 0
go-tui/lsp/server.go:213.84,227.51 8 0
go-tui/lsp/server.go:227.51,232.3 4 0
go-tui/lsp/server.go:234.2,234.9 1 0
go-tui/lsp/server.go:235.20,236.19 1 0
go-tui/lsp/server.go:237.38,241.83 4 0
go-tui/lsp/server.go:246.76,253.2 2 0
go-tui/lsp/server.go:256.29,257.6 1 0
go-tui/lsp/server.go:257.6,259.17 2 0
go-tui/lsp/server.go:259.17,263.34 3 0
go-tui/lsp/server.go:263.34,266.5 2 0
go-tui/lsp/server.go:267.4,268.16 2 0
go-tui/lsp/server.go:268.16,270.5 1 0
go-tui/lsp/server.go:271.4,271.10 1 0
go-tui/lsp/server.go:274.3,275.51 2 0
go-tui/lsp/server.go:275.51,277.12 2 0
go-tui/lsp/server.go:281.3,281.20 1 0
go-tui/lsp/server.go:281.20,284.10 3 0
go-tui/lsp/server.go:284.10,286.5 1 0
go-tui/lsp/server.go:287.4,288.10 2 0
go-tui/lsp/server.go:288.10,290.5 1 0
go-tui/lsp/server.go:291.4,291.12 1 0
go-tui/lsp/server.go:295.3,295.54 1 0
go-tui/lsp/server.go:295.54,297.62 2 0
go-tui/lsp/server.go:297.62,299.13 2 0
go-tui/lsp/server.go:302.4,302.11 1 0
go-tui/lsp/server.go:303.40,303.40 0 0
go-tui/lsp/server.go:304.12,304.12 0 0
go-tui/lsp/server.go:310.25,311.42 1 0
go-tui/lsp/server.go:311.42,314.3 2 0
go-tui/lsp/server.go:317.40,319.16 2 0
go-tui/lsp/server.go:319.16,321.3 1 0
go-tui/lsp/server.go:323.2,324.19 2 0
go-tui/lsp/server.go:327.47,328.30 1 0
go-tui/lsp/server.go:329.13,330.14 1 0
go-tui/lsp/server.go:331.13,332.18 1 0
go-tui/lsp/server.go:333.13,334.22 1 0
go-tui/lsp/server.go:335.14,336.27 1 0
go-tui/lsp/server.go:337.13,338.22 1 0
go-tui/lsp/server.go:339.14,340.27 1 0
go-tui/lsp/server.go:341.13,342.16 1 0
go-tui/lsp/server.go:343.10,344.21 1 0
go-tui/settings/settings.go:26.19,28.16 2 0
go-tui/settings/settings.go:28.16,30.3 1 0
go-tui/settings/settings.go:31.2,31.13 1 0
go-tui/settings/settings.go:34.32,41.16 4 0
go-tui/settings/settings.go:41.16,42.37 1 0
go-tui/settings/settings.go:42.37,44.4 1 0
go-tui/settings/settings.go:45.3,45.16 1 0
go-tui/settings/settings.go:47.2,48.50 2 0
go-tui/settings/settings.go:48.50,50.3 1 0
go-tui/settings/settings.go:51.2,52.23 2 0
go-tui/settings/settings.go:52.23,54.3 1 0
go-tui/settings/settings.go:55.2,55.15 1 0
go-tui/settings/settings.go:58.33,62.2 3 0
go-tui/settings/settings.go:64.39,66.48 2 0
go-tui/settings/settings.go:66.48,68.3 1 0
go-tui/settings/settings.go:69.2,74.16 3 0
go-tui/settings/settings.go:74.16,76.3 1 0
go-tui/settings/settings.go:77.2,77.70 1 0
go-tui/settings/settings.go:80.41,84.2 3 0
go-tui/settings/settings.go:86.54,91.2 4 0
go-tui/settings/settings.go:94.48,98.2 3 0
go-tui/settings/settings.go:101.55,106.2 4 0
go-tui/llm/client.go:21.46,27.2 5 0
go-tui/llm/client.go:29.43,33.2 3 0
go-tui/llm/client.go:35.68,37.43 2 0
go-tui/llm/client.go:37.43,39.3 1 0
go-tui/llm/client.go:41.2,49.16 3 0
go-tui/llm/client.go:49.16,51.3 1 0
go-tui/llm/client.go:53.2,54.16 2 0
go-tui/llm/client.go:54.16,56.3 1 0
go-tui/llm/client.go:57.2,61.16 4 0
go-tui/llm/client.go:61.16,63.3 1 0
go-tui/llm/client.go:64.2,66.38 2 0
go-tui/llm/client.go:66.38,70.3 3 0
go-tui/llm/client.go:72.2,73.69 2 0
go-tui/llm/client.go:73.69,75.3 1 0
go-tui/llm/client.go:77.2,77.32 1 0
go-tui/llm/client.go:77.32,79.3 1 0
go-tui/llm/client.go:81.2,84.8 1 0
go-tui/llm/client.go:87.104,89.43 2 0
go-tui/llm/client.go:89.43,91.3 1 0
go-tui/llm/client.go:93.2,101.16 3 0
go-tui/llm/client.go:101.16,103.3 1 0
go-tui/llm/client.go:105.2,106.16 2 0
go-tui/llm/client.go:106.16,108.3 1 0
go-tui/llm/client.go:109.2,113.16 4 0
go-tui/llm/client.go:113.16,115.3 1 0
go-tui/llm/client.go:116.2,118.38 2 0
go-tui/llm/client.go:118.38,122.3 3 0
go-tui/llm/client.go:124.2,127.21 4 0
go-tui/llm/client.go:127.21,129.41 2 0
go-tui/llm/client.go:129.41,130.12 1 0
go-tui/llm/client.go:132.3,133.23 2 0
go-tui/llm/client.go:133.23,134.9 1 0
go-tui/llm/client.go:137.3,138.62 2 0
go-tui/llm/client.go:138.62,139.12 1 0
go-tui/llm/client.go:142.3,142.25 1 0
go-tui/llm/client.go:142.25,144.4 1 0
go-tui/llm/client.go:146.3,146.30 1 0
go-tui/llm/client.go:146.30,147.12 1 0
go-tui/llm/client.go:150.3,151.19 2 0
go-tui/llm/client.go:151.19,152.12 1 0
go-tui/llm/client.go:155.3,155.35 1 0
go-tui/llm/client.go:155.35,158.4 2 0
go-tui/llm/client.go:159.3,159.26 1 0
go-tui/llm/client.go:159.26,162.4 2 0
go-tui/llm/client.go:163.3,163.31 1 0
go-tui/llm/client.go:163.31,164.39 1 0
go-tui/llm/client.go:164.39,165.20 1 0
go-tui/llm/client.go:165.20,167.6 1 0
go-tui/llm/client.go:167.11,167.39 1 0
go-tui/llm/client.go:167.39,170.6 2 0
go-tui/llm/client.go:175.2,175.61 1 0
go-tui/llm/mock.go:3.78,8.2 1 0
go-tui/permissions/permissions.go:25.45,28.16 3 0
go-tui/permissions/permissions.go:28.16,29.37 1 0
go-tui/permissions/permissions.go:29.37,31.4 1 0
go-tui/permissions/permissions.go:32.3,32.16 1 0
go-tui/permissions/permissions.go:34.2,35.50 2 0
go-tui/permissions/permissions.go:35.50,37.3 1 0
go-tui/permissions/permissions.go:38.2,39.15 2 0
go-tui/permissions/permissions.go:42.36,46.2 3 0
go-tui/permissions/permissions.go:48.42,50.48 2 0
go-tui/permissions/permissions.go:50.48,52.3 1 0
go-tui/permissions/permissions.go:53.2,55.16 3 0
go-tui/permissions/permissions.go:55.16,57.3 1 0
go-tui/permissions/permissions.go:58.2,58.66 1 0
go-tui/permissions/permissions.go:64.48,68.78 2 0
go-tui/permissions/permissions.go:68.78,70.3 1 0
go-tui/permissions/permissions.go:71.2,72.46 2 0
go-tui/permissions/permissions.go:72.46,74.3 1 0
go-tui/permissions/permissions.go:75.2,75.12 1 0
go-tui/permissions/permissions.go:80.38,82.2 1 0
go-tui/permissions/permissions.go:84.72,89.24 4 0
go-tui/permissions/permissions.go:89.24,91.3 1 0
go-tui/permissions/permissions.go:93.2,93.34 1 0
go-tui/permissions/permissions.go:93.34,94.24 1 0
go-tui/permissions/permissions.go:94.24,96.4 1 0
go-tui/permissions/permissions.go:97.3,97.79 1 0
go-tui/permissions/permissions.go:97.79,99.63 2 0
go-tui/permissions/permissions.go:99.63,101.5 1 0
go-tui/permissions/permissions.go:104.2,104.14 1 0
go-tui/permissions/permissions.go:108.47,112.54 2 0
go-tui/permissions/permissions.go:112.54,114.3 1 0
go-tui/permissions/permissions.go:115.2,115.42 1 0
go-tui/permissions/permissions.go:118.47,121.30 3 0
go-tui/permissions/permissions.go:121.30,122.17 1 0
go-tui/permissions/permissions.go:122.17,124.4 1 0
go-tui/permissions/permissions.go:126.2,127.23 2 0
go-tui/tui/slashcmd/clear.go:3.13,5.2 1 0
go-tui/tui/slashcmd/compact.go:3.13,5.2 1 0
go-tui/tui/slashcmd/exit.go:3.13,5.2 1 0
go-tui/tui/slashcmd/help.go:3.13,5.2 1 0
go-tui/tui/slashcmd/model.go:9.13,11.2 1 0
go-tui/tui/slashcmd/model.go:25.55,26.19 1 0
go-tui/tui/slashcmd/model.go:26.19,28.3 1 0
go-tui/tui/slashcmd/model.go:29.2,29.39 1 0
go-tui/tui/slashcmd/model.go:32.64,36.31 3 0
go-tui/tui/slashcmd/model.go:36.31,38.23 2 0
go-tui/tui/slashcmd/model.go:38.23,40.4 1 0
go-tui/tui/slashcmd/model.go:41.3,41.20 1 0
go-tui/tui/slashcmd/model.go:41.20,43.4 1 0
go-tui/tui/slashcmd/model.go:43.9,45.4 1 0
go-tui/tui/slashcmd/model.go:48.2,52.24 3 0
go-tui/tui/slashcmd/model.go:52.24,54.3 1 0
go-tui/tui/slashcmd/model.go:55.2,55.19 1 0
go-tui/tui/slashcmd/model.go:55.19,57.3 1 0
go-tui/tui/slashcmd/model.go:59.2,60.77 2 0
go-tui/tui/slashcmd/model.go:63.63,74.24 5 0
go-tui/tui/slashcmd/model.go:74.24,76.3 1 0
go-tui/tui/slashcmd/model.go:77.2,77.19 1 0
go-tui/tui/slashcmd/model.go:77.19,79.3 1 0
go-tui/tui/slashcmd/model.go:81.2,82.77 2 0
go-tui/tui/slashcmd/resume.go:3.13,5.2 1 0
go-tui/tui/slashcmd/rewind.go:10.13,12.2 1 0
go-tui/tui/slashcmd/rewind.go:32.56,34.19 2 0
go-tui/tui/slashcmd/rewind.go:34.19,36.3 1 0
go-tui/tui/slashcmd/rewind.go:37.2,43.15 5 0
go-tui/tui/slashcmd/rewind.go:43.15,46.3 2 0
go-tui/tui/slashcmd/rewind.go:47.2,47.24 1 0
go-tui/tui/slashcmd/rewind.go:47.24,50.16 3 0
go-tui/tui/slashcmd/rewind.go:50.16,52.4 1 0
go-tui/tui/slashcmd/rewind.go:55.2,56.31 2 0
go-tui/tui/slashcmd/rewind.go:56.31,59.20 3 0
go-tui/tui/slashcmd/rewind.go:59.20,61.4 1 0
go-tui/tui/slashcmd/rewind.go:61.9,63.4 1 0
go-tui/tui/slashcmd/rewind.go:67.2,67.15 1 0
go-tui/tui/slashcmd/rewind.go:67.15,69.3 1 0
go-tui/tui/slashcmd/rewind.go:70.2,70.24 1 0
go-tui/tui/slashcmd/rewind.go:70.24,72.3 1 0
go-tui/tui/slashcmd/rewind.go:74.2,78.24 3 0
go-tui/tui/slashcmd/rewind.go:78.24,80.3 1 0
go-tui/tui/slashcmd/rewind.go:81.2,81.19 1 0
go-tui/tui/slashcmd/rewind.go:81.19,83.3 1 0
go-tui/tui/slashcmd/rewind.go:85.2,86.77 2 0
go-tui/tui/slashcmd/slashcmd.go:18.28,20.2 1 0
go-tui/tui/slashcmd/slashcmd.go:23.22,25.2 1 0
go-tui/tui/slashcmd/slashcmd.go:28.37,29.17 1 0
go-tui/tui/slashcmd/slashcmd.go:29.17,31.3 1 0
go-tui/tui/slashcmd/slashcmd.go:32.2,33.31 2 0
go-tui/tui/slashcmd/slashcmd.go:33.31,34.41 1 0
go-tui/tui/slashcmd/slashcmd.go:34.41,36.4 1 0
go-tui/tui/slashcmd/slashcmd.go:38.2,38.17 1 0
go-tui/tui/slashcmd/slashcmd.go:89.42,90.26 1 0
go-tui/tui/slashcmd/slashcmd.go:90.26,92.3 1 0
go-tui/tui/slashcmd/slashcmd.go:94.2,95.33 2 0
go-tui/tui/slashcmd/slashcmd.go:95.33,98.20 3 0
go-tui/tui/slashcmd/slashcmd.go:98.20,100.4 1 0
go-tui/tui/slashcmd/slashcmd.go:100.9,102.4 1 0
go-tui/tui/slashcmd/slashcmd.go:103.3,103.35 1 0
go-tui/tui/slashcmd/slashcmd.go:106.2,109.19 3 0
go-tui/tui/slashcmd/slashcmd.go:109.19,111.3 1 0
go-tui/tui/slashcmd/slashcmd.go:113.2,113.49 1 0
go-tui/tui/slashcmd/status.go:3.13,5.2 1 0
go-tui/tui/commands.go:91.103,101.12 5 0
go-tui/tui/commands.go:101.12,112.18 7 0
go-tui/tui/commands.go:112.18,120.42 8 0
go-tui/tui/commands.go:120.42,122.5 1 0
go-tui/tui/commands.go:123.4,123.11 1 0
go-tui/tui/commands.go:124.108,124.108 0 0
go-tui/tui/commands.go:125.12,125.12 0 0
go-tui/tui/commands.go:129.3,129.54 1 0
go-tui/tui/commands.go:129.54,131.18 2 0
go-tui/tui/commands.go:131.18,133.5 1 0
go-tui/tui/commands.go:133.10,135.5 1 0
go-tui/tui/commands.go:136.4,137.20 2 0
go-tui/tui/commands.go:137.20,139.5 1 0
go-tui/tui/commands.go:140.4,141.15 2 0
go-tui/tui/commands.go:144.3,148.19 3 0
go-tui/tui/commands.go:148.19,151.4 2 0
go-tui/tui/commands.go:152.3,155.17 3 0
go-tui/tui/commands.go:155.17,159.4 3 0
go-tui/tui/commands.go:160.3,165.4 1 0
go-tui/tui/commands.go:168.2,168.52 1 0
go-tui/tui/commands.go:171.89,172.24 1 0
go-tui/tui/commands.go:172.24,173.10 1 0
go-tui/tui/commands.go:174.24,175.11 1 0
go-tui/tui/commands.go:175.11,177.5 1 0
go-tui/tui/commands.go:178.4,178.14 1 0
go-tui/tui/commands.go:179.22,180.51 1 0
go-tui/tui/commands.go:185.52,186.24 1 0
go-tui/tui/commands.go:186.24,195.31 3 0
go-tui/tui/commands.go:195.31,199.4 3 0
go-tui/tui/commands.go:200.3,206.17 3 0
go-tui/tui/commands.go:206.17,209.4 2 0
go-tui/tui/commands.go:210.3,213.4 1 0
go-tui/tui/commands.go:217.101,222.24 4 1
go-tui/tui/commands.go:222.24,224.13 2 0
go-tui/tui/commands.go:224.13,226.18 2 0
go-tui/tui/commands.go:226.18,236.5 3 0
go-tui/tui/commands.go:237.4,243.5 2 0
go-tui/tui/commands.go:246.3,246.25 1 0
go-tui/tui/commands.go:246.25,248.4 1 0
go-tui/tui/commands.go:249.3,249.10 1 0
go-tui/tui/commands.go:250.22,251.14 1 0
go-tui/tui/commands.go:252.22,253.64 1 0
go-tui/tui/diff.go:15.36,18.21 2 1
go-tui/tui/diff.go:18.21,19.55 1 1
go-tui/tui/diff.go:19.55,24.4 4 1
go-tui/tui/diff.go:25.3,25.46 1 1
go-tui/tui/diff.go:28.2,29.19 2 1
go-tui/tui/diff.go:29.19,31.3 1 0
go-tui/tui/diff.go:32.2,44.21 9 1
go-tui/tui/diff.go:44.21,47.44 2 1
go-tui/tui/diff.go:47.44,49.51 2 1
go-tui/tui/diff.go:49.51,55.5 5 1
go-tui/tui/diff.go:56.4,57.12 2 1
go-tui/tui/diff.go:61.3,62.67 2 1
go-tui/tui/diff.go:62.67,65.50 3 1
go-tui/tui/diff.go:65.50,67.5 1 1
go-tui/tui/diff.go:67.10,69.5 1 1
go-tui/tui/diff.go:70.4,70.7 1 1
go-tui/tui/diff.go:74.3,74.32 1 1
go-tui/tui/diff.go:74.32,80.4 5 1
go-tui/tui/diff.go:82.3,82.30 1 1
go-tui/tui/diff.go:82.30,88.4 5 1
go-tui/tui/diff.go:91.2,91.45 1 1
go-tui/tui/diff.go:96.52,98.13 2 0
go-tui/tui/diff.go:98.13,100.3 1 0
go-tui/tui/diff.go:101.2,101.51 1 0
go-tui/tui/diff.go:105.73,107.14 2 1
go-tui/tui/diff.go:107.14,109.3 1 1
go-tui/tui/diff.go:110.2,110.23 1 0
go-tui/tui/grouping.go:8.45,9.49 1 1
go-tui/tui/grouping.go:9.49,11.3 1 0
go-tui/tui/grouping.go:13.2,14.72 2 1
go-tui/tui/grouping.go:17.56,19.45 2 0
go-tui/tui/grouping.go:19.45,21.78 2 0
go-tui/tui/grouping.go:21.78,22.9 1 0
go-tui/tui/grouping.go:24.3,24.10 1 0
go-tui/tui/grouping.go:26.2,26.12 1 0
go-tui/tui/grouping.go:29.70,30.30 1 0
go-tui/tui/grouping.go:30.30,32.15 2 0
go-tui/tui/grouping.go:33.20,34.11 1 0
go-tui/tui/grouping.go:35.17,36.14 1 0
go-tui/tui/grouping.go:37.21,38.11 1 0
go-tui/tui/grouping.go:41.2,41.31 1 0
go-tui/tui/grouping.go:44.55,48.15 3 0
go-tui/tui/grouping.go:48.15,50.3 1 0
go-tui/tui/grouping.go:51.2,51.18 1 0
go-tui/tui/grouping.go:51.18,53.3 1 0
go-tui/tui/grouping.go:54.2,54.15 1 0
go-tui/tui/grouping.go:54.15,56.3 1 0
go-tui/tui/grouping.go:58.2,63.39 4 0
go-tui/tui/grouping.go:63.39,64.30 1 0
go-tui/tui/grouping.go:64.30,66.9 2 0
go-tui/tui/grouping.go:68.3,68.59 1 0
go-tui/tui/grouping.go:71.2,71.64 1 0
go-tui/tui/keys.go:16.63,17.18 1 1
go-tui/tui/keys.go:18.20,19.21 1 0
go-tui/tui/keys.go:20.23,23.16 3 1
go-tui/tui/keys.go:27.2,27.28 1 0
go-tui/tui/keys.go:27.28,29.52 2 0
go-tui/tui/keys.go:29.52,30.41 1 0
go-tui/tui/keys.go:30.41,35.5 4 0
go-tui/tui/keys.go:37.3,38.16 2 0
go-tui/tui/keys.go:42.2,42.25 1 0
go-tui/tui/keys.go:42.25,44.3 1 0
go-tui/tui/keys.go:47.2,47.27 1 0
go-tui/tui/keys.go:47.27,49.3 1 0
go-tui/tui/keys.go:52.2,52.28 1 0
go-tui/tui/keys.go:52.28,54.3 1 0
go-tui/tui/keys.go:57.2,57.34 1 0
go-tui/tui/keys.go:57.34,59.3 1 0
go-tui/tui/keys.go:62.2,62.27 1 0
go-tui/tui/keys.go:62.27,64.3 1 0
go-tui/tui/keys.go:67.2,67.18 1 0
go-tui/tui/keys.go:68.19,70.16 2 0
go-tui/tui/keys.go:71.21,73.16 2 0
go-tui/tui/keys.go:76.2,76.18 1 0
go-tui/tui/keys.go:77.20,78.16 1 0
go-tui/tui/keys.go:78.16,80.4 1 0
go-tui/tui/keys.go:82.3,83.17 2 0
go-tui/tui/keys.go:83.17,85.4 1 0
go-tui/tui/keys.go:87.3,87.59 1 0
go-tui/tui/keys.go:87.59,90.4 2 0
go-tui/tui/keys.go:93.3,93.28 1 0
go-tui/tui/keys.go:93.28,95.4 1 0
go-tui/tui/keys.go:98.2,98.15 1 0
go-tui/tui/keys.go:98.15,100.3 1 0
go-tui/tui/keys.go:105.2,105.52 1 0
go-tui/tui/keys.go:105.52,107.31 2 0
go-tui/tui/keys.go:107.31,108.105 1 0
go-tui/tui/keys.go:108.105,110.10 2 0
go-tui/tui/keys.go:113.3,113.14 1 0
go-tui/tui/keys.go:113.14,115.4 1 0
go-tui/tui/keys.go:118.2,124.15 4 0
go-tui/tui/keys.go:127.72,128.18 1 0
go-tui/tui/keys.go:129.17,130.32 1 0
go-tui/tui/keys.go:130.32,132.4 1 0
go-tui/tui/keys.go:133.3,133.16 1 0
go-tui/tui/keys.go:135.19,136.61 1 0
go-tui/tui/keys.go:136.61,138.4 1 0
go-tui/tui/keys.go:139.3,139.16 1 0
go-tui/tui/keys.go:141.32,142.39 1 0
go-tui/tui/keys.go:142.39,148.4 5 0
go-tui/tui/keys.go:149.3,150.16 2 0
go-tui/tui/keys.go:152.18,154.16 2 0
go-tui/tui/keys.go:158.2,162.15 4 0
go-tui/tui/keys.go:166.38,168.34 2 0
go-tui/tui/keys.go:168.34,171.3 2 0
go-tui/tui/keys.go:173.2,174.24 2 0
go-tui/tui/keys.go:174.24,177.3 2 0
go-tui/tui/keys.go:179.2,180.27 2 0
go-tui/tui/keys.go:180.27,182.30 2 0
go-tui/tui/keys.go:182.30,184.4 1 0
go-tui/tui/keys.go:187.2,190.3 1 0
go-tui/tui/keys.go:193.73,194.18 1 0
go-tui/tui/keys.go:195.17,196.33 1 0
go-tui/tui/keys.go:196.33,198.4 1 0
go-tui/tui/keys.go:199.3,199.16 1 0
go-tui/tui/keys.go:201.19,202.60 1 0
go-tui/tui/keys.go:202.60,204.4 1 0
go-tui/tui/keys.go:205.3,205.16 1 0
go-tui/tui/keys.go:207.18,209.16 2 0
go-tui/tui/keys.go:211.20,216.28 3 0
go-tui/tui/keys.go:216.28,222.4 1 0
go-tui/tui/keys.go:225.2,225.15 1 0
go-tui/tui/keys.go:228.72,229.32 1 0
go-tui/tui/keys.go:229.32,231.3 1 0
go-tui/tui/keys.go:233.2,233.18 1 0
go-tui/tui/keys.go:234.17,235.32 1 0
go-tui/tui/keys.go:235.32,237.4 1 0
go-tui/tui/keys.go:238.3,238.16 1 0
go-tui/tui/keys.go:240.19,241.58 1 0
go-tui/tui/keys.go:241.58,243.4 1 0
go-tui/tui/keys.go:244.3,244.16 1 0
go-tui/tui/keys.go:246.18,248.16 2 0
go-tui/tui/keys.go:250.20,251.37 1 0
go-tui/tui/keys.go:251.37,254.4 2 0
go-tui/tui/keys.go:255.3,258.52 2 0
go-tui/tui/keys.go:258.52,261.4 2 0
go-tui/tui/keys.go:264.3,267.16 4 0
go-tui/tui/keys.go:270.2,270.15 1 0
go-tui/tui/keys.go:273.70,274.18 1 0
go-tui/tui/keys.go:275.18,280.16 4 0
go-tui/tui/keys.go:282.20,284.16 2 0
go-tui/tui/keys.go:284.16,286.4 1 0
go-tui/tui/keys.go:287.3,289.44 3 0
go-tui/tui/keys.go:291.24,292.39 1 0
go-tui/tui/keys.go:292.39,294.4 1 0
go-tui/tui/keys.go:295.3,295.16 1 0
go-tui/tui/keys.go:297.20,299.16 2 0
go-tui/tui/keys.go:302.2,302.15 1 0
go-tui/tui/keys.go:305.59,306.24 1 0
go-tui/tui/keys.go:306.24,308.60 1 0
go-tui/tui/keys.go:308.60,310.4 1 0
go-tui/tui/keys.go:312.3,312.57 1 0
go-tui/tui/keys.go:312.57,314.4 1 0
go-tui/tui/keys.go:316.3,317.16 2 0
go-tui/tui/keys.go:317.16,319.4 1 0
go-tui/tui/keys.go:320.3,321.38 2 0
go-tui/tui/keys.go:325.79,326.18 1 0
go-tui/tui/keys.go:327.17,328.39 1 0
go-tui/tui/keys.go:328.39,330.4 1 0
go-tui/tui/keys.go:331.3,331.16 1 0
go-tui/tui/keys.go:333.19,334.72 1 0
go-tui/tui/keys.go:334.72,336.4 1 0
go-tui/tui/keys.go:337.3,337.16 1 0
go-tui/tui/keys.go:339.18,341.16 2 0
go-tui/tui/keys.go:343.20,346.28 3 0
go-tui/tui/keys.go:346.28,348.18 2 0
go-tui/tui/keys.go:348.18,350.5 1 0
go-tui/tui/keys.go:351.4,351.44 1 0
go-tui/tui/keys.go:355.2,355.15 1 0
go-tui/tui/keys.go:358.70,359.18 1 0
go-tui/tui/keys.go:360.17,361.30 1 0
go-tui/tui/keys.go:361.30,364.4 2 0
go-tui/tui/keys.go:365.3,365.16 1 0
go-tui/tui/keys.go:367.19,368.30 1 0
go-tui/tui/keys.go:368.30,371.4 2 0
go-tui/tui/keys.go:372.3,372.16 1 0
go-tui/tui/keys.go:374.20,386.28 7 0
go-tui/tui/keys.go:386.28,392.4 1 0
go-tui/tui/keys.go:395.2,395.15 1 0
go-tui/tui/markdown.go:15.64,20.16 2 0
go-tui/tui/markdown.go:20.16,22.3 1 0
go-tui/tui/markdown.go:23.2,23.51 1 0
go-tui/tui/markdown.go:27.68,28.35 1 0
go-tui/tui/markdown.go:28.35,30.3 1 0
go-tui/tui/markdown.go:31.2,32.16 2 0
go-tui/tui/markdown.go:32.16,34.3 1 0
go-tui/tui/markdown.go:35.2,35.42 1 0
go-tui/tui/markdown.go:44.47,47.29 3 0
go-tui/tui/markdown.go:47.29,48.12 1 0
go-tui/tui/markdown.go:48.12,50.85 2 0
go-tui/tui/markdown.go:50.85,52.5 1 0
go-tui/tui/markdown.go:54.3,54.26 1 0
go-tui/tui/markdown.go:56.2,56.32 1 0
go-tui/tui/markdown.go:63.75,64.15 1 0
go-tui/tui/markdown.go:64.15,66.3 1 0
go-tui/tui/markdown.go:67.2,68.48 2 0
go-tui/tui/markdown.go:68.48,70.3 1 0
go-tui/tui/markdown.go:71.2,71.36 1 0
go-tui/tui/markdown.go:75.38,81.28 2 0
go-tui/tui/markdown.go:81.28,82.35 1 0
go-tui/tui/markdown.go:82.35,84.4 1 0
go-tui/tui/markdown.go:86.2,86.14 1 0
go-tui/tui/messages.go:14.158,15.99 1 1
go-tui/tui/messages.go:15.99,17.3 1 1
go-tui/tui/messages.go:19.2,21.31 2 1
go-tui/tui/messages.go:21.31,23.3 1 1
go-tui/tui/messages.go:24.2,25.24 2 1
go-tui/tui/messages.go:25.24,31.84 3 1
go-tui/tui/messages.go:31.84,33.20 2 0
go-tui/tui/messages.go:33.20,38.13 5 0
go-tui/tui/messages.go:43.3,43.21 1 1
go-tui/tui/messages.go:44.22,45.41 1 1
go-tui/tui/messages.go:47.21,48.44 1 1
go-tui/tui/messages.go:51.3,51.24 1 1
go-tui/tui/messages.go:51.24,53.4 1 0
go-tui/tui/messages.go:55.3,56.21 2 1
go-tui/tui/messages.go:56.21,58.12 2 1
go-tui/tui/messages.go:60.3,62.6 2 1
go-tui/tui/messages.go:66.2,66.55 1 1
go-tui/tui/messages.go:66.55,68.3 1 0
go-tui/tui/messages.go:71.2,71.28 1 1
go-tui/tui/messages.go:71.28,73.3 1 0
go-tui/tui/messages.go:76.2,76.17 1 1
go-tui/tui/messages.go:76.17,77.24 1 1
go-tui/tui/messages.go:77.24,79.4 1 0
go-tui/tui/messages.go:80.3,80.35 1 1
go-tui/tui/messages.go:83.2,83.20 1 1
go-tui/tui/messages.go:86.50,90.18 3 1
go-tui/tui/messages.go:90.18,91.24 1 0
go-tui/tui/messages.go:91.24,93.4 1 0
go-tui/tui/messages.go:94.3,94.60 1 0
go-tui/tui/messages.go:97.2,97.23 1 1
go-tui/tui/messages.go:97.23,99.3 1 0
go-tui/tui/messages.go:101.2,103.14 2 1
go-tui/tui/messages.go:104.19,105.16 1 0
go-tui/tui/messages.go:106.28,109.21 3 0
go-tui/tui/messages.go:109.21,111.4 1 0
go-tui/tui/messages.go:112.3,112.45 1 0
go-tui/tui/messages.go:113.10,117.34 4 1
go-tui/tui/messages.go:117.34,119.4 1 0
go-tui/tui/messages.go:120.3,120.45 1 1
go-tui/tui/messages.go:124.49,127.15 3 0
go-tui/tui/messages.go:127.15,129.3 1 0
go-tui/tui/messages.go:130.2,131.66 2 0
go-tui/tui/messages.go:134.71,135.20 1 1
go-tui/tui/messages.go:136.14,137.57 1 0
go-tui/tui/messages.go:138.19,140.54 2 1
go-tui/tui/messages.go:140.54,142.4 1 0
go-tui/tui/messages.go:143.3,144.37 2 1
go-tui/tui/messages.go:145.10,146.58 1 0
go-tui/tui/messages.go:150.74,151.38 1 1
go-tui/tui/messages.go:151.38,152.47 1 0
go-tui/tui/messages.go:152.47,154.4 1 0
go-tui/tui/messages.go:156.2,156.16 1 1
go-tui/tui/messages.go:160.41,163.21 3 1
go-tui/tui/messages.go:163.21,165.3 1 0
go-tui/tui/messages.go:166.2,169.33 4 1
go-tui/tui/messages.go:169.33,171.3 1 1
go-tui/tui/messages.go:172.2,172.12 1 1
go-tui/tui/messages.go:176.99,180.27 4 0
go-tui/tui/messages.go:180.27,182.3 1 0
go-tui/tui/messages.go:182.8,182.22 1 0
go-tui/tui/messages.go:182.22,184.3 1 0
go-tui/tui/messages.go:184.8,184.21 1 0
go-tui/tui/messages.go:184.21,186.3 1 0
go-tui/tui/messages.go:187.2,187.17 1 0
go-tui/tui/messages.go:190.69,192.16 2 0
go-tui/tui/messages.go:192.16,194.3 1 0
go-tui/tui/messages.go:195.2,195.31 1 0
go-tui/tui/messages.go:198.71,200.31 2 0
go-tui/tui/messages.go:200.31,202.3 1 0
go-tui/tui/messages.go:203.2,203.17 1 0
go-tui/tui/messages.go:207.43,209.20 2 1
go-tui/tui/messages.go:209.20,211.3 1 1
go-tui/tui/messages.go:213.2,214.64 2 1
go-tui/tui/messages.go:214.64,216.3 1 0
go-tui/tui/messages.go:218.2,218.33 1 1
go-tui/tui/messages.go:218.33,220.10 2 1
go-tui/tui/messages.go:220.10,222.4 1 0
go-tui/tui/messages.go:223.3,224.37 2 1
go-tui/tui/messages.go:224.37,226.4 1 1
go-tui/tui/messages.go:227.3,227.12 1 0
go-tui/tui/messages.go:230.2,230.38 1 1
go-tui/tui/messages.go:230.38,232.10 2 0
go-tui/tui/messages.go:232.10,234.4 1 0
go-tui/tui/messages.go:235.3,236.37 2 0
go-tui/tui/messages.go:236.37,238.4 1 0
go-tui/tui/messages.go:239.3,239.18 1 0
go-tui/tui/messages.go:242.2,243.14 2 1
go-tui/tui/messages.go:244.19,245.25 1 0
go-tui/tui/messages.go:246.20,247.25 1 0
go-tui/tui/messages.go:248.14,249.25 1 1
go-tui/tui/messages.go:250.16,251.27 1 0
go-tui/tui/messages.go:252.19,253.25 1 0
go-tui/tui/messages.go:254.20,255.26 1 0
go-tui/tui/messages.go:256.10,257.25 1 0
go-tui/tui/messages.go:260.2,260.14 1 1
go-tui/tui/messages.go:261.19,262.43 1 0
go-tui/tui/messages.go:263.20,264.38 1 0
go-tui/tui/messages.go:265.14,266.42 1 1
go-tui/tui/messages.go:267.16,268.40 1 0
go-tui/tui/messages.go:269.19,270.44 1 0
go-tui/tui/messages.go:271.20,272.45 1 0
go-tui/tui/messages.go:273.10,274.24 1 0
go-tui/tui/messages.go:279.52,281.13 2 1
go-tui/tui/messages.go:281.13,283.3 1 1
go-tui/tui/messages.go:284.2,284.39 1 1
go-tui/tui/model.go:96.82,114.16 13 0
go-tui/tui/model.go:114.16,117.3 2 0
go-tui/tui/model.go:119.2,120.67 2 0
go-tui/tui/model.go:120.67,123.3 2 0
go-tui/tui/model.go:125.2,128.68 3 0
go-tui/tui/model.go:128.68,130.3 1 0
go-tui/tui/model.go:132.2,133.16 2 0
go-tui/tui/model.go:133.16,135.3 1 0
go-tui/tui/model.go:137.2,149.3 1 0
go-tui/tui/model.go:152.28,154.2 1 0
go-tui/tui/model.go:156.36,158.16 2 0
go-tui/tui/model.go:158.16,161.3 2 0
go-tui/tui/model.go:162.2,163.16 2 0
go-tui/tui/model.go:163.16,166.3 2 0
go-tui/tui/model.go:167.2,169.47 3 0
go-tui/tui/model.go:169.47,171.3 1 0
go-tui/tui/model.go:176.44,177.25 1 0
go-tui/tui/model.go:177.25,179.3 1 0
go-tui/tui/model.go:179.8,186.3 1 0
go-tui/tui/model.go:189.94,190.12 1 0
go-tui/tui/model.go:190.12,192.3 1 0
go-tui/tui/model.go:194.2,194.18 1 0
go-tui/tui/model.go:194.18,196.3 1 0
go-tui/tui/model.go:198.2,198.18 1 0
go-tui/tui/model.go:199.20,204.68 2 0
go-tui/tui/model.go:204.68,206.4 1 0
go-tui/tui/model.go:207.3,210.4 1 0
go-tui/tui/model.go:211.19,217.68 2 0
go-tui/tui/model.go:217.68,219.4 1 0
go-tui/tui/model.go:220.3,222.28 3 0
go-tui/tui/model.go:222.28,224.4 1 0
go-tui/tui/model.go:225.3,225.49 1 0
go-tui/tui/model.go:225.49,227.4 1 0
go-tui/tui/model.go:228.3,233.4 1 0
go-tui/tui/model.go:235.2,235.12 1 0
go-tui/tui/model.go:238.69,239.14 1 1
go-tui/tui/model.go:240.19,246.76 2 0
go-tui/tui/model.go:246.76,248.4 1 0
go-tui/tui/model.go:249.3,251.28 3 0
go-tui/tui/model.go:251.28,253.4 1 0
go-tui/tui/model.go:254.3,254.49 1 0
go-tui/tui/model.go:254.49,256.4 1 0
go-tui/tui/model.go:257.3,262.4 1 0
go-tui/tui/model.go:264.20,269.76 2 0
go-tui/tui/model.go:269.76,271.4 1 0
go-tui/tui/model.go:272.3,275.4 1 0
go-tui/tui/model.go:277.2,277.12 1 1
go-tui/tui/model.go:280.32,282.2 1 0
go-tui/tui/model.go:284.42,285.56 1 0
go-tui/tui/model.go:285.56,287.3 1 0
go-tui/tui/model.go:290.35,293.2 2 1
go-tui/tui/model.go:297.44,298.51 1 1
go-tui/tui/model.go:298.51,302.40 3 0
go-tui/tui/model.go:302.40,309.4 6 0
go-tui/tui/model.go:311.3,311.65 1 0
go-tui/tui/model.go:314.2,316.93 2 1
go-tui/tui/model.go:316.93,318.3 1 1
go-tui/tui/model.go:321.2,329.12 4 1
go-tui/tui/model.go:332.58,335.27 2 0
go-tui/tui/model.go:337.25,345.15 5 0
go-tui/tui/model.go:345.15,351.4 5 0
go-tui/tui/model.go:351.9,357.4 5 0
go-tui/tui/model.go:359.3,359.16 1 0
go-tui/tui/model.go:361.20,364.16 3 0
go-tui/tui/model.go:366.18,369.16 3 0
go-tui/tui/model.go:371.22,377.62 6 0
go-tui/tui/model.go:379.22,384.23 5 0
go-tui/tui/model.go:384.23,386.4 1 0
go-tui/tui/model.go:387.3,387.21 1 0
go-tui/tui/model.go:387.21,394.4 6 0
go-tui/tui/model.go:396.3,396.30 1 0
go-tui/tui/model.go:396.30,404.74 4 0
go-tui/tui/model.go:404.74,411.5 1 0
go-tui/tui/model.go:412.4,414.17 3 0
go-tui/tui/model.go:418.3,425.73 2 0
go-tui/tui/model.go:425.73,432.4 1 0
go-tui/tui/model.go:434.3,441.16 7 0
go-tui/tui/model.go:443.24,446.21 3 0
go-tui/tui/model.go:446.21,450.4 3 0
go-tui/tui/model.go:451.3,464.23 3 0
go-tui/tui/model.go:464.23,466.4 1 0
go-tui/tui/model.go:467.3,469.16 3 0
go-tui/tui/model.go:471.21,476.35 3 0
go-tui/tui/model.go:476.35,478.22 2 0
go-tui/tui/model.go:478.22,480.5 1 0
go-tui/tui/model.go:483.3,483.21 1 0
go-tui/tui/model.go:483.21,485.51 2 0
go-tui/tui/model.go:485.51,487.5 1 0
go-tui/tui/model.go:488.9,490.4 1 0
go-tui/tui/model.go:493.3,513.16 8 0
go-tui/tui/model.go:515.20,523.16 8 0
go-tui/tui/model.go:525.24,526.21 1 0
go-tui/tui/model.go:526.21,528.4 1 0
go-tui/tui/model.go:528.9,534.4 1 0
go-tui/tui/model.go:535.3,536.16 2 0
go-tui/tui/model.go:538.26,548.16 6 0
go-tui/tui/model.go:550.29,551.23 1 0
go-tui/tui/model.go:552.24,553.76 1 0
go-tui/tui/model.go:555.30,557.23 2 0
go-tui/tui/model.go:557.23,558.95 1 0
go-tui/tui/model.go:558.95,560.6 1 0
go-tui/tui/model.go:562.4,562.51 1 0
go-tui/tui/model.go:562.51,564.5 1 0
go-tui/tui/model.go:565.4,565.76 1 0
go-tui/tui/model.go:567.23,593.17 11 0
go-tui/tui/model.go:596.29,598.72 2 0
go-tui/tui/model.go:598.72,602.4 3 0
go-tui/tui/model.go:603.3,604.73 2 0
go-tui/tui/model.go:604.73,608.4 3 0
go-tui/tui/model.go:609.3,620.16 12 0
go-tui/tui/model.go:622.20,646.68 11 0
go-tui/tui/model.go:648.23,651.16 3 0
go-tui/tui/model.go:654.2,661.30 6 0
go-tui/tui/model.go:664.31,665.14 1 1
go-tui/tui/model.go:665.14,667.3 1 0
go-tui/tui/model.go:669.2,677.27 5 1
go-tui/tui/model.go:677.27,679.3 1 0
go-tui/tui/model.go:679.8,679.35 1 1
go-tui/tui/model.go:679.35,681.3 1 0
go-tui/tui/model.go:681.8,681.41 1 1
go-tui/tui/model.go:681.41,683.3 1 0
go-tui/tui/model.go:683.8,683.34 1 1
go-tui/tui/model.go:683.34,685.20 2 0
go-tui/tui/model.go:685.20,689.48 4 0
go-tui/tui/model.go:689.48,691.5 1 0
go-tui/tui/model.go:692.4,692.40 1 0
go-tui/tui/model.go:696.2,697.25 2 1
go-tui/tui/model.go:697.25,699.3 1 1
go-tui/tui/model.go:699.8,701.3 1 1
go-tui/tui/model.go:703.2,711.3 1 1
go-tui/tui/model.go:714.43,717.15 2 1
go-tui/tui/model.go:717.15,718.28 1 0
go-tui/tui/model.go:718.28,720.27 2 0
go-tui/tui/model.go:720.27,722.5 1 0
go-tui/tui/model.go:723.4,723.133 1 0
go-tui/tui/model.go:724.9,726.4 1 0
go-tui/tui/model.go:730.2,731.50 2 1
go-tui/tui/model.go:731.50,733.3 1 1
go-tui/tui/model.go:734.2,741.13 6 1
go-tui/tui/model.go:741.13,743.3 1 0
go-tui/tui/model.go:744.2,744.48 1 1
go-tui/tui/permission.go:19.50,21.35 2 1
go-tui/tui/permission.go:21.35,23.3 1 0
go-tui/tui/permission.go:26.2,30.80 5 1
go-tui/tui/permission.go:30.80,32.3 1 0
go-tui/tui/permission.go:32.8,34.3 1 1
go-tui/tui/permission.go:36.2,39.26 3 1
go-tui/tui/permission.go:39.26,40.68 1 1
go-tui/tui/permission.go:40.68,42.4 1 1
go-tui/tui/permission.go:44.2,51.30 3 1
go-tui/tui/permission.go:51.30,54.20 3 1
go-tui/tui/permission.go:54.20,57.4 2 1
go-tui/tui/permission.go:58.3,58.51 1 1
go-tui/tui/permission.go:61.2,64.37 3 1
go-tui/tui/slashexec.go:17.66,18.14 1 0
go-tui/tui/slashexec.go:19.15,20.24 1 0
go-tui/tui/slashexec.go:21.16,27.19 6 0
go-tui/tui/slashexec.go:28.18,29.26 1 0
go-tui/tui/slashexec.go:29.26,33.4 3 0
go-tui/tui/slashexec.go:34.3,36.41 3 0
go-tui/tui/slashexec.go:37.17,38.27 1 0
go-tui/tui/slashexec.go:39.17,40.27 1 0
go-tui/tui/slashexec.go:41.16,42.26 1 0
go-tui/tui/slashexec.go:43.26,46.19 3 0
go-tui/tui/slashexec.go:47.10,48.20 1 0
go-tui/tui/slashexec.go:52.49,55.36 3 0
go-tui/tui/slashexec.go:55.36,56.27 1 0
go-tui/tui/slashexec.go:56.27,57.12 1 0
go-tui/tui/slashexec.go:60.3,61.48 2 0
go-tui/tui/slashexec.go:61.48,62.76 1 0
go-tui/tui/slashexec.go:62.76,65.10 3 0
go-tui/tui/slashexec.go:68.3,68.15 1 0
go-tui/tui/slashexec.go:68.15,69.12 1 0
go-tui/tui/slashexec.go:72.3,73.24 2 0
go-tui/tui/slashexec.go:73.24,75.4 1 0
go-tui/tui/slashexec.go:77.3,84.5 2 0
go-tui/tui/slashexec.go:87.2,87.21 1 0
go-tui/tui/slashexec.go:87.21,91.3 3 0
go-tui/tui/slashexec.go:93.2,97.18 2 0
go-tui/tui/slashexec.go:100.49,103.16 3 0
go-tui/tui/slashexec.go:103.16,107.3 3 0
go-tui/tui/slashexec.go:109.2,110.28 2 0
go-tui/tui/slashexec.go:110.28,111.54 1 0
go-tui/tui/slashexec.go:111.54,112.12 1 0
go-tui/tui/slashexec.go:114.3,116.44 3 0
go-tui/tui/slashexec.go:116.44,117.12 1 0
go-tui/tui/slashexec.go:119.3,120.22 2 0
go-tui/tui/slashexec.go:120.22,122.4 1 0
go-tui/tui/slashexec.go:123.3,123.18 1 0
go-tui/tui/slashexec.go:123.18,125.4 1 0
go-tui/tui/slashexec.go:126.3,129.5 1 0
go-tui/tui/slashexec.go:132.2,132.21 1 0
go-tui/tui/slashexec.go:132.21,136.3 3 0
go-tui/tui/slashexec.go:139.2,139.54 1 0
go-tui/tui/slashexec.go:139.54,141.3 1 0
go-tui/tui/slashexec.go:143.2,148.18 2 0
go-tui/tui/slashexec.go:151.48,155.26 4 0
go-tui/tui/slashexec.go:155.26,156.18 1 0
go-tui/tui/slashexec.go:156.18,158.9 2 0
go-tui/tui/slashexec.go:162.2,167.18 2 0
